number,value,datetime_start,datetime_complete,duration,params_colsample_bytree,params_learning_rate,params_max_depth,params_min_child_samples,params_n_estimators,params_num_leaves,params_reg_alpha,params_reg_lambda,params_subsample,state
0,0.29546351221536976,2026-09-11 08:53:29.651728,2026-09-11 08:53:30.543241,0 days 00:00:00.891513,0.9849549260809971,0.10440040750544663,3,37,200,8,0.31044435499483225,0.00892622738184373,0.608233797718321,COMPLETE
1,0.28656846691773213,2026-09-11 08:53:30.561195,2026-09-11 08:53:33.197261,0 days 00:00:02.636066,0.8925879806965068,0.01459007452373112,5,21,500,14,6.267062696005991e-07,0.20058106556780586,0.7824279936868144,COMPLETE
2,0.3046367602585532,2026-09-11 08:53:33.218357,2026-09-11 08:53:37.971820,0 days 00:00:04.753463,0.7200762468698007,0.08927894610031047,8,9,600,24,1.254134495897175e-07,0.16480374223944863,0.8736932106048627,COMPLETE
3,0.27893812895672754,2026-09-11 08:53:37.985445,2026-09-11 08:53:39.324302,0 days 00:00:01.338857,0.9474136752138245,0.016497027917250065,3,40,400,8,0.002404915432737351,13.407343361949266,0.9757995766256756,COMPLETE
4,0.2825964125460576,2026-09-11 08:53:39.337744,2026-09-11 08:53:42.982396,0 days 00:00:03.644652,0.9010984903770198,0.026276920623647244,6,29,600,23,4.6876566400928895e-08,26.20670861087006,0.6563696899899051,COMPLETE
5,0.29068562072777765,2026-09-11 08:53:42.995961,2026-09-11 08:53:45.757058,0 days 00:00:02.761097,0.811649063413779,0.012220339394068061,5,10,500,16,9.507847858536042e-06,0.001925566142088787,0.9452413703502374,COMPLETE
6,0.2953643369523257,2026-09-11 08:53:45.773349,2026-09-11 08:53:46.606431,0 days 00:00:00.833082,0.7468977981821954,0.06899870818520017,6,30,200,50,0.0005065186776865479,0.08206405646784981,0.9083868719818244,PRUNED
7,0.28018539821942545,2026-09-11 08:53:46.622658,2026-09-11 08:53:48.286224,0 days 00:00:01.663566,0.5384899549143964,0.019642212793511794,5,39,600,17,4.052873758065144e-06,0.005269959187361842,0.6915192661966489,PRUNED
8,0.2934870237561543,2026-09-11 08:53:48.300641,2026-09-11 08:53:52.943253,0 days 00:00:04.642612,0.5550259622638384,0.04308396816904059,-1,46,600,53,1.1256839212661599e-06,0.08169836373487939,0.7272013899887455,PRUNED
9,0.27043884735227447,2026-09-11 08:53:52.960960,2026-09-11 08:53:53.872961,0 days 00:00:00.912001,0.8515094794475889,0.02494975308632297,3,19,200,8,1.8735548907110496e-05,22.427776393711024,0.8075162486973464,COMPLETE
10,0.2873180832094813,2026-09-11 08:53:53.887036,2026-09-11 08:53:55.284760,0 days 00:00:01.397724,0.6469724064157865,0.03845382469210384,4,18,300,10,0.09982966063573136,2.157432121183291,0.8300832267261091,COMPLETE
11,0.28130127216766543,2026-09-11 08:53:55.299257,2026-09-11 08:53:56.355827,0 days 00:00:01.056570,0.9779327799722435,0.02622984807833443,3,50,300,7,0.0014441715954420077,29.669718761042596,0.9976727206876453,COMPLETE
12,0.28332857899021685,2026-09-11 08:53:56.371111,2026-09-11 08:53:57.705930,0 days 00:00:01.334819,0.8561583300289634,0.018688363536129148,3,18,400,7,0.009838265787723505,3.537975634420196,0.7883311393404523,COMPLETE
13,0.2743278176676163,2026-09-11 08:53:57.719656,2026-09-11 08:53:58.858385,0 days 00:00:01.138729,0.8194642909115394,0.0100847718546224,3,37,300,8,5.57172198739702e-05,3.618713270838719,0.9494084033713108,COMPLETE
14,0.27231297013384137,2026-09-11 08:53:58.874441,2026-09-11 08:54:00.065098,0 days 00:00:01.190657,0.7976664922230909,0.010504853353579095,3,24,300,7,3.9794797075090296e-05,1.8243490961832496,0.8604911724169197,COMPLETE
15,0.2712220491519495,2026-09-11 08:54:00.081561,2026-09-11 08:54:01.071910,0 days 00:00:00.990349,0.6671905887819864,0.027221439489463133,4,23,200,10,5.615097807556709,0.8764551499858038,0.8603390174828803,COMPLETE
16,0.2790546817015352,2026-09-11 08:54:01.087769,2026-09-11 08:54:02.127726,0 days 00:00:01.039957,0.6553447098489982,0.04402489687935031,4,13,200,10,3.765898428203408,0.5976980736584748,0.7517212368493504,COMPLETE
17,0.26742604901749634,2026-09-11 08:54:02.145404,2026-09-11 08:54:03.122044,0 days 00:00:00.976640,0.6733678090537818,0.02691522712941847,4,26,200,10,9.535628502397314,8.574309594806312,0.8246475574775359,COMPLETE
18,0.30519023348235796,2026-09-11 08:54:03.137224,2026-09-11 08:54:03.837279,0 days 00:00:00.700055,0.600029535095218,0.05680795786416623,8,32,200,33,0.04301998225269313,8.671086345470716,0.8252122129792354,PRUNED
19,0.29730798452402796,2026-09-11 08:54:03.853635,2026-09-11 08:54:07.336814,0 days 00:00:03.483179,0.7106492659751078,0.03364466992440924,-1,15,400,63,0.00012104443336685521,7.972178155336094,0.7437150037099166,PRUNED
20,0.29524448645617535,2026-09-11 08:54:07.354525,2026-09-11 08:54:08.708585,0 days 00:00:01.354060,0.5883019650024282,0.1484745325530142,4,5,300,11,1.2722974438529015e-08,0.551290426567907,0.8974309903023555,COMPLETE
21,0.2726004289338914,2026-09-11 08:54:08.725400,2026-09-11 08:54:09.668179,0 days 00:00:00.942779,0.6694843231203214,0.023939814230409723,4,24,200,9,4.445228114011482,0.7923177342460256,0.8199858047501201,COMPLETE
22,0.2684811523661314,2026-09-11 08:54:09.688153,2026-09-11 08:54:11.125917,0 days 00:00:01.437764,0.7631968271498051,0.03252205132144402,4,24,200,10,9.48917500724616,7.280748187430403,0.8649609338568616,COMPLETE
23,0.27803665854143766,2026-09-11 08:54:11.144411,2026-09-11 08:54:12.253594,0 days 00:00:01.109183,0.7780766644299255,0.03272006843098519,4,27,200,9,0.5445393104082219,9.05928856296855,0.7786024972047065,COMPLETE
24,0.29824546186723355,2026-09-11 08:54:12.272138,2026-09-11 08:54:12.901727,0 days 00:00:00.629589,0.8550928861544551,0.05620359910363521,4,33,300,11,0.6491852993408453,14.454668730749656,0.9094255460364058,PRUNED
25,0.27762118249506057,2026-09-11 08:54:12.923994,2026-09-11 08:54:13.938310,0 days 00:00:01.014316,0.7602641830983006,0.021255895602521974,4,19,200,12,0.024746764025930568,4.358461240874287,0.8377926570078934,COMPLETE
26,0.2977523775094221,2026-09-11 08:54:13.956101,2026-09-11 08:54:14.956349,0 days 00:00:01.000248,0.7062579669007205,0.0323803190110346,6,26,300,21,1.281740580319678,25.520807460363013,0.8040736855934093,PRUNED
27,0.29780750668478484,2026-09-11 08:54:14.972835,2026-09-11 08:54:15.665267,0 days 00:00:00.692432,0.8470288766252921,0.05324384193130565,8,15,200,30,8.357780321101094,1.3120578173385213,0.8802608216477411,PRUNED
28,0.30036215773788844,2026-09-11 08:54:15.683559,2026-09-11 08:54:18.074766,0 days 00:00:02.391207,0.6267361837542725,0.01512383824092599,-1,21,400,41,0.15980745633055504,4.537632787676634,0.7058868799218717,PRUNED
29,0.2767791684263964,2026-09-11 08:54:18.132010,2026-09-11 08:54:19.262387,0 days 00:00:01.130377,0.743783962430744,0.02993336241396648,3,34,200,7,1.5495046441597465e-05,0.01874659425378955,0.6480057460928652,COMPLETE
30,0.27068143956471963,2026-09-11 08:54:19.279666,2026-09-11 08:54:20.213422,0 days 00:00:00.933756,0.5113928549246859,0.022931512376765537,4,15,200,9,0.0042291816323132905,16.596852527857713,0.928105658304223,COMPLETE
31,0.2735931785593123,2026-09-11 08:54:20.230585,2026-09-11 08:54:21.157760,0 days 00:00:00.927175,0.5130209811661767,0.021947594367375683,4,13,200,9,0.003919837864507243,14.29129592993288,0.9354454928417907,COMPLETE
32,0.2757699017474069,2026-09-11 08:54:21.174182,2026-09-11 08:54:21.856721,0 days 00:00:00.682539,0.5080976720599699,0.03845654101873421,4,20,200,9,0.0003170399630877031,6.304758413411804,0.8437768042851338,PRUNED
33,0.2730183204629989,2026-09-11 08:54:21.871982,2026-09-11 08:54:23.512813,0 days 00:00:01.640831,0.9123208830839599,0.01768853315882537,4,16,300,8,1.3410745189734568,16.54890119477915,0.8885187306939758,COMPLETE
34,0.275499847854552,2026-09-11 08:54:23.529637,2026-09-11 08:54:24.713217,0 days 00:00:01.183580,0.581414423833202,0.012858577122350296,5,9,200,13,8.919993101074141e-07,0.3171549170463025,0.7717694615309045,COMPLETE
35,0.28050521231390585,2026-09-11 08:54:24.732811,2026-09-11 08:54:25.691649,0 days 00:00:00.958838,0.6900376240328128,0.02344518949182935,4,23,200,10,0.18697858270532558,2.0127618673854917,0.9210057524012227,COMPLETE
36,0.3004657953267251,2026-09-11 08:54:25.707137,2026-09-11 08:54:27.590776,0 days 00:00:01.883639,0.9268381767504691,0.02817652687094401,8,5,500,19,3.5851135719682823e-06,29.879441813331276,0.9699284933732357,PRUNED
37,0.2779471889843016,2026-09-11 08:54:27.610010,2026-09-11 08:54:30.003696,0 days 00:00:02.393686,0.829089743360383,0.016919251678493622,6,11,300,27,1.2707541331142038e-07,16.717809533171234,0.8616826103084476,COMPLETE
38,0.2854398171138886,2026-09-11 08:54:30.021058,2026-09-11 08:54:30.932984,0 days 00:00:00.911926,0.8775601723576238,0.0800032276446738,3,30,200,7,0.01160504728721061,6.710196496408012,0.8075571828625758,COMPLETE
39,0.2798021634596234,2026-09-11 08:54:30.949371,2026-09-11 08:54:32.799419,0 days 00:00:01.850048,0.7844088499340728,0.013685352240123504,5,26,300,15,0.0010088913372051718,0.021884207510594812,0.9268549088411648,COMPLETE
40,0.290002628764477,2026-09-11 08:54:32.823063,2026-09-11 08:54:33.962291,0 days 00:00:01.139228,0.6211216478057959,0.02077763192938925,4,22,500,11,1.3938037020597556,2.9431742288340272,0.6106601478902953,PRUNED
41,0.2725197130379923,2026-09-11 08:54:33.981662,2026-09-11 08:54:35.218109,0 days 00:00:01.236447,0.7329778267476837,0.02597768496918868,4,24,200,10,6.070543611683491,1.090755441995104,0.8563534788038059,COMPLETE
42,0.27355644654312683,2026-09-11 08:54:35.238636,2026-09-11 08:54:36.048913,0 days 00:00:00.810277,0.6950683470927536,0.04461106260559037,4,28,200,9,2.3424740714023127,10.216797868974353,0.8745726993007069,PRUNED
43,0.28106703890768914,2026-09-11 08:54:36.066388,2026-09-11 08:54:37.010060,0 days 00:00:00.943672,0.6710762960592807,0.029670577482726078,4,19,200,8,0.07762002464012582,0.12518327021992667,0.9586139005466363,COMPLETE
44,0.2659337462892008,2026-09-11 08:54:37.027257,2026-09-11 08:54:37.878219,0 days 00:00:00.850962,0.5399360664620991,0.02508942320432066,4,22,200,10,8.134913368846057,19.238666348198354,0.8436596767493496,COMPLETE
45,0.2705416761138929,2026-09-11 08:54:37.900464,2026-09-11 08:54:38.647858,0 days 00:00:00.747394,0.5367748671973738,0.034966227241152156,3,17,200,7,6.666310596630816e-06,19.902294211820436,0.8117238857844586,COMPLETE
46,0.2746342901011954,2026-09-11 08:54:38.667737,2026-09-11 08:54:39.606421,0 days 00:00:00.938684,0.5422020265008664,0.03567274704013682,3,17,300,7,2.7107158490415876e-06,22.001402422076055,0.7901551689378252,COMPLETE
47,0.27784180414409204,2026-09-11 08:54:39.625594,2026-09-11 08:54:40.377807,0 days 00:00:00.752213,0.5649759793820301,0.04706262923616884,3,21,200,7,1.4328834761127578e-05,5.054079099390232,0.7660822645523062,COMPLETE
48,0.2775473206279682,2026-09-11 08:54:40.396244,2026-09-11 08:54:41.371772,0 days 00:00:00.975528,0.6129679958409113,0.03554507346500192,3,30,200,7,2.4614199308618527e-07,0.0013806232768976575,0.8112747278016418,COMPLETE
49,0.2758626443855826,2026-09-11 08:54:41.393963,2026-09-11 08:54:43.069551,0 days 00:00:01.675588,0.9843410159000081,0.019346460384678334,3,26,300,7,4.7792669399534e-05,9.954052684434764,0.8384965997020227,COMPLETE
